<?xml version="1.0" encoding="UTF-8"?>
<!-- Generated by org.testng.reporters.JUnitReportReporter -->
<testsuite hostname="ADMIN" failures="0" tests="1" name="com.adactin.hotelapp.tests.ToVerifyValidLoginDetails" time="2.781" errors="0" timestamp="2022-07-29T20:13:02 IST" skipped="0">
  <testcase classname="com.adactin.hotelapp.tests.ToVerifyValidLoginDetails" name="toVerifyValidLoginDetailsTest" time="2.781"/>
  <system-out/>
</testsuite> <!-- com.adactin.hotelapp.tests.ToVerifyValidLoginDetails -->
