<?xml version="1.0" encoding="UTF-8"?>
<!-- Generated by org.testng.reporters.JUnitReportReporter -->
<testsuite hostname="ADMIN" failures="0" tests="1" name="com.adactin.hotelapp.tests.AdactinLogin" time="0.019" errors="0" timestamp="2022-06-16T13:33:44 IST" skipped="0">
  <testcase classname="com.adactin.hotelapp.tests.AdactinLogin" name="simpleLoginTest" time="0.019"/>
  <system-out/>
</testsuite> <!-- com.adactin.hotelapp.tests.AdactinLogin -->
