<?xml version="1.0" encoding="UTF-8"?>
<!-- Generated by org.testng.reporters.JUnitReportReporter -->
<testsuite hostname="ADMIN" failures="0" tests="2" name="com.adactin.hotelapp.tests.AdactinLogin2" time="0.048" errors="0" timestamp="2022-06-16T13:38:15 IST" skipped="0">
  <testcase classname="com.adactin.hotelapp.tests.AdactinLogin2" name="simpleLoginTest" time="0.027"/>
  <system-out/>
  <testcase classname="com.adactin.hotelapp.tests.AdactinLogin2" name="simpleLoginTest" time="0.021"/>
  <system-out/>
</testsuite> <!-- com.adactin.hotelapp.tests.AdactinLogin2 -->
