<?xml version="1.0" encoding="UTF-8"?>
<!-- Generated by org.testng.reporters.JUnitReportReporter -->
<testsuite hostname="ADMIN" failures="0" tests="4" name="com.adactin.hotelapp.tests.AdactinSearch" time="0.025" errors="0" timestamp="2022-03-08T10:59:08 IST" skipped="0">
  <testcase classname="com.adactin.hotelapp.tests.AdactinSearch" name="simpleLoginTest" time="0.010"/>
  <system-out/>
  <testcase classname="com.adactin.hotelapp.tests.AdactinSearch" name="simpleLoginTest" time="0.002"/>
  <system-out/>
  <testcase classname="com.adactin.hotelapp.tests.AdactinSearch" name="simpleLoginTest" time="0.003"/>
  <system-out/>
  <testcase classname="com.adactin.hotelapp.tests.AdactinSearch" name="simpleLoginTest" time="0.010"/>
  <system-out/>
</testsuite> <!-- com.adactin.hotelapp.tests.AdactinSearch -->
